<?xml version="1.0" encoding="UTF-8"?>
<testsuite name="com.sinodal.CardGeneratorVictorNicolauNeto.model.CardGeneratorTest" tests="7" skipped="0" failures="0" errors="0" timestamp="2025-11-14T00:41:44.638Z" hostname="LB01-03" time="0.017">
  <properties/>
  <testcase name="testGerarCVV()" classname="com.sinodal.CardGeneratorVictorNicolauNeto.model.CardGeneratorTest" time="0.003"/>
  <testcase name="testGerarNumero()" classname="com.sinodal.CardGeneratorVictorNicolauNeto.model.CardGeneratorTest" time="0.002"/>
  <testcase name="testGerarBandeira()" classname="com.sinodal.CardGeneratorVictorNicolauNeto.model.CardGeneratorTest" time="0.003"/>
  <testcase name="testGerarValidade()" classname="com.sinodal.CardGeneratorVictorNicolauNeto.model.CardGeneratorTest" time="0.0"/>
  <testcase name="testGerarCard()" classname="com.sinodal.CardGeneratorVictorNicolauNeto.model.CardGeneratorTest" time="0.001"/>
  <testcase name="testGerarCardComNomeNulo()" classname="com.sinodal.CardGeneratorVictorNicolauNeto.model.CardGeneratorTest" time="0.002"/>
  <testcase name="testGerarCardComNomeVazio()" classname="com.sinodal.CardGeneratorVictorNicolauNeto.model.CardGeneratorTest" time="0.001"/>
  <system-out><![CDATA[]]></system-out>
  <system-err><![CDATA[]]></system-err>
</testsuite>
