<?xml version="1.0" encoding="UTF-8"?>
<testsuite name="com.sinodal.CardGeneratorVictorNicolauNeto.CardGeneratorVictorNicolauNetoApplicationTests" tests="1" skipped="0" failures="0" errors="0" timestamp="2025-11-13T22:13:12.914Z" hostname="LB01-03" time="0.582">
  <properties/>
  <testcase name="contextLoads()" classname="com.sinodal.CardGeneratorVictorNicolauNeto.CardGeneratorVictorNicolauNetoApplicationTests" time="0.582"/>
  <system-out><![CDATA[19:13:06.824 [Test worker] INFO org.springframework.test.context.support.AnnotationConfigContextLoaderUtils -- Could not detect default configuration classes for test class [com.sinodal.CardGeneratorVictorNicolauNeto.CardGeneratorVictorNicolauNetoApplicationTests]: CardGeneratorVictorNicolauNetoApplicationTests does not declare any static, non-private, non-final, nested classes annotated with @Configuration.
19:13:07.004 [Test worker] INFO org.springframework.boot.test.context.SpringBootTestContextBootstrapper -- Found @SpringBootConfiguration com.sinodal.CardGeneratorVictorNicolauNeto.CardGeneratorApplication for test class com.sinodal.CardGeneratorVictorNicolauNeto.CardGeneratorVictorNicolauNetoApplicationTests

  .   ____          _            __ _ _
 /\\ / ___'_ __ _ _(_)_ __  __ _ \ \ \ \
( ( )\___ | '_ | '_| | '_ \/ _` | \ \ \ \
 \\/  ___)| |_)| | | | | || (_| |  ) ) ) )
  '  |____| .__|_| |_|_| |_\__, | / / / /
 =========|_|==============|___/=/_/_/_/

 :: Spring Boot ::                (v3.5.4)

2025-11-13T19:13:07.704-03:00  INFO 10188 --- [CardGeneratorVictorNicolauNeto] [    Test worker] neratorVictorNicolauNetoApplicationTests : Starting CardGeneratorVictorNicolauNetoApplicationTests using Java 17.0.17 with PID 10188 (started by ti23 in C:\Users\ti23\Downloads\CardGeneratorVictor\cardgen4.0\CardGeneratorVictorNicolauNeto)
2025-11-13T19:13:07.706-03:00  INFO 10188 --- [CardGeneratorVictorNicolauNeto] [    Test worker] neratorVictorNicolauNetoApplicationTests : No active profile set, falling back to 1 default profile: "default"
2025-11-13T19:13:08.805-03:00  INFO 10188 --- [CardGeneratorVictorNicolauNeto] [    Test worker] .s.d.r.c.RepositoryConfigurationDelegate : Bootstrapping Spring Data JPA repositories in DEFAULT mode.
2025-11-13T19:13:08.897-03:00  INFO 10188 --- [CardGeneratorVictorNicolauNeto] [    Test worker] .s.d.r.c.RepositoryConfigurationDelegate : Finished Spring Data repository scanning in 76 ms. Found 1 JPA repository interface.
2025-11-13T19:13:09.536-03:00  INFO 10188 --- [CardGeneratorVictorNicolauNeto] [    Test worker] o.hibernate.jpa.internal.util.LogHelper  : HHH000204: Processing PersistenceUnitInfo [name: default]
2025-11-13T19:13:09.621-03:00  INFO 10188 --- [CardGeneratorVictorNicolauNeto] [    Test worker] org.hibernate.Version                    : HHH000412: Hibernate ORM core version 6.6.22.Final
2025-11-13T19:13:09.673-03:00  INFO 10188 --- [CardGeneratorVictorNicolauNeto] [    Test worker] o.h.c.internal.RegionFactoryInitiator    : HHH000026: Second-level cache disabled
2025-11-13T19:13:10.175-03:00  INFO 10188 --- [CardGeneratorVictorNicolauNeto] [    Test worker] o.s.o.j.p.SpringPersistenceUnitInfo      : No LoadTimeWeaver setup: ignoring JPA class transformer
2025-11-13T19:13:10.218-03:00  INFO 10188 --- [CardGeneratorVictorNicolauNeto] [    Test worker] com.zaxxer.hikari.HikariDataSource       : HikariPool-1 - Starting...
2025-11-13T19:13:10.500-03:00  INFO 10188 --- [CardGeneratorVictorNicolauNeto] [    Test worker] com.zaxxer.hikari.pool.HikariPool        : HikariPool-1 - Added connection conn0: url=jdbc:h2:file:./data/carddb user=SA
2025-11-13T19:13:10.503-03:00  INFO 10188 --- [CardGeneratorVictorNicolauNeto] [    Test worker] com.zaxxer.hikari.HikariDataSource       : HikariPool-1 - Start completed.
2025-11-13T19:13:10.533-03:00  WARN 10188 --- [CardGeneratorVictorNicolauNeto] [    Test worker] org.hibernate.orm.deprecation            : HHH90000025: H2Dialect does not need to be specified explicitly using 'hibernate.dialect' (remove the property setting and it will be selected by default)
2025-11-13T19:13:10.567-03:00  INFO 10188 --- [CardGeneratorVictorNicolauNeto] [    Test worker] org.hibernate.orm.connections.pooling    : HHH10001005: Database info:
	Database JDBC URL [Connecting through datasource 'HikariDataSource (HikariPool-1)']
	Database driver: undefined/unknown
	Database version: 2.3.232
	Autocommit mode: undefined/unknown
	Isolation level: undefined/unknown
	Minimum pool size: undefined/unknown
	Maximum pool size: undefined/unknown
2025-11-13T19:13:11.766-03:00  INFO 10188 --- [CardGeneratorVictorNicolauNeto] [    Test worker] o.h.e.t.j.p.i.JtaPlatformInitiator       : HHH000489: No JTA platform available (set 'hibernate.transaction.jta.platform' to enable JTA platform integration)
2025-11-13T19:13:11.831-03:00  INFO 10188 --- [CardGeneratorVictorNicolauNeto] [    Test worker] j.LocalContainerEntityManagerFactoryBean : Initialized JPA EntityManagerFactory for persistence unit 'default'
2025-11-13T19:13:12.255-03:00  WARN 10188 --- [CardGeneratorVictorNicolauNeto] [    Test worker] JpaBaseConfiguration$JpaWebConfiguration : spring.jpa.open-in-view is enabled by default. Therefore, database queries may be performed during view rendering. Explicitly configure spring.jpa.open-in-view to disable this warning
2025-11-13T19:13:12.322-03:00  INFO 10188 --- [CardGeneratorVictorNicolauNeto] [    Test worker] o.s.b.a.w.s.WelcomePageHandlerMapping    : Adding welcome page: class path resource [static/index.html]
2025-11-13T19:13:12.775-03:00  INFO 10188 --- [CardGeneratorVictorNicolauNeto] [    Test worker] o.s.b.a.h2.H2ConsoleAutoConfiguration    : H2 console available at '/h2-console'. Database available at 'jdbc:h2:file:./data/carddb'
2025-11-13T19:13:12.887-03:00  INFO 10188 --- [CardGeneratorVictorNicolauNeto] [    Test worker] neratorVictorNicolauNetoApplicationTests : Started CardGeneratorVictorNicolauNetoApplicationTests in 5.639 seconds (process running for 7.782)
]]></system-out>
  <system-err><![CDATA[]]></system-err>
</testsuite>
